[15:00:06] Updating rankings in PostgreSQL...
Saved 30 ranking history records
Updated ranking_score for 30 guides in PostgreSQL
=====================================================================================
Rank  Guide                 Score  Consults  Repeat%   Avg OV   Active
=====================================================================================
1     Kalpana Tripathi       6.26       834      13%      ₹51      31d
2     Gaurav Pathak          6.24       350      14%      ₹50      31d
3     Anuradha Pathak        6.19       498      13%      ₹46      31d
4     Anjali Jaiswal         5.96       155      15%      ₹53      21d
5     Abhishek Kumar         5.93       298      12%      ₹48      28d
6     Sandhya Malhotra       5.72        82      13%      ₹41      24d
7     Jitendra Mishra        5.47        76       5%      ₹55      17d
8     Rajini Tiwari          5.42       183      15%      ₹36      28d
9     Priyanka               5.37       236       7%      ₹29      30d
10    Alok                   5.21        73      10%      ₹37      18d
11    Roli Agarwal           5.20        99       7%      ₹35      25d
12    Neha Pandey            4.97        49      22%     ₹117      10d
13    Pankajesh Ji           4.64        41       9%      ₹22      22d
14    Aparajita              3.90        22       6%      ₹38      12d
15    Dadhich Jitendra       3.78        17       0%      ₹44      11d
16    Sarang Bhakre          3.48        15      15%     ₹142       8d
17    Radhika                3.37        29      14%      ₹51       5d
18    Devyansh Pandey        3.37        22       0%      ₹34      10d
19    Govid Pratap Mishra    3.15        32      17%      ₹29       8d
20    Acharya Prem           2.61        12       9%      ₹28       5d
21    Sheetal Vohra          2.53        26      39%      ₹73       2d
22    Jitendra Sharma        2.39        11      10%      ₹19       5d
23    Shivaji                2.29        21      27%      ₹46       3d
24    Dr. Ujjwal Agarwal     2.12        18      13%      ₹52       3d
25    Jyotirvid Asutosh      1.20         1       0%      ₹43       1d
26    Smita Sinha            0.48         0       0%       ₹0       0d
27    Pooja Saxena           0.48         0       0%       ₹0       0d
28    Hardik Jitendrabhai    0.48         1       0%       ₹0       0d
29    Mohit Nigam            0.33         0       0%       ₹0       0d
30    Sheel Gupta            0.33         0       0%       ₹0       0d
=====================================================================================

Total: 30 guides
[16:00:06] Updating rankings in PostgreSQL...
Saved 30 ranking history records
Updated ranking_score for 30 guides in PostgreSQL
=====================================================================================
Rank  Guide                 Score  Consults  Repeat%   Avg OV   Active
=====================================================================================
1     Kalpana Tripathi       6.26       835      12%      ₹51      31d
2     Gaurav Pathak          6.24       352      14%      ₹50      31d
3     Anuradha Pathak        6.19       498      13%      ₹46      31d
4     Anjali Jaiswal         5.95       156      15%      ₹53      20d
5     Abhishek Kumar         5.93       298      12%      ₹48      28d
6     Sandhya Malhotra       5.72        82      13%      ₹41      24d
7     Jitendra Mishra        5.47        76       5%      ₹55      17d
8     Rajini Tiwari          5.42       184      15%      ₹36      28d
9     Priyanka               5.37       236       7%      ₹29      30d
10    Roli Agarwal           5.20        99       7%      ₹35      25d
11    Alok                   5.14        73      10%      ₹37      17d
12    Neha Pandey            4.97        49      22%     ₹117      10d
13    Pankajesh Ji           4.64        41       9%      ₹22      22d
14    Aparajita              3.90        22       6%      ₹38      12d
15    Dadhich Jitendra       3.78        17       0%      ₹44      11d
16    Sarang Bhakre          3.48        15      15%     ₹142       8d
17    Radhika                3.37        29      14%      ₹51       5d
18    Devyansh Pandey        3.37        22       0%      ₹34      10d
19    Govid Pratap Mishra    3.15        32      17%      ₹29       8d
20    Acharya Prem           2.61        12       9%      ₹28       5d
21    Sheetal Vohra          2.51        28      37%      ₹70       2d
22    Jitendra Sharma        2.39        11      10%      ₹19       5d
23    Shivaji                2.29        21      27%      ₹46       3d
24    Dr. Ujjwal Agarwal     2.12        18      13%      ₹52       3d
25    Jyotirvid Asutosh      1.20         1       0%      ₹43       1d
26    Smita Sinha            0.48         0       0%       ₹0       0d
27    Pooja Saxena           0.48         0       0%       ₹0       0d
28    Hardik Jitendrabhai    0.48         1       0%       ₹0       0d
29    Mohit Nigam            0.33         0       0%       ₹0       0d
30    Sheel Gupta            0.33         0       0%       ₹0       0d
=====================================================================================

Total: 30 guides
[17:00:06] Updating rankings in PostgreSQL...
Saved 30 ranking history records
Updated ranking_score for 30 guides in PostgreSQL
=====================================================================================
Rank  Guide                 Score  Consults  Repeat%   Avg OV   Active
=====================================================================================
1     Kalpana Tripathi       6.27       839      13%      ₹51      31d
2     Gaurav Pathak          6.24       356      14%      ₹50      31d
3     Anuradha Pathak        6.19       498      13%      ₹46      30d
4     Anjali Jaiswal         5.95       157      15%      ₹53      20d
5     Abhishek Kumar         5.93       298      12%      ₹48      28d
6     Sandhya Malhotra       5.72        82      13%      ₹41      24d
7     Jitendra Mishra        5.47        76       5%      ₹55      17d
8     Rajini Tiwari          5.43       185      15%      ₹36      28d
9     Priyanka               5.37       236       7%      ₹29      30d
10    Roli Agarwal           5.20        99       7%      ₹35      25d
11    Alok                   5.14        73      10%      ₹37      17d
12    Neha Pandey            4.97        49      22%     ₹117      10d
13    Pankajesh Ji           4.64        41       9%      ₹22      22d
14    Aparajita              3.90        22       6%      ₹38      12d
15    Dadhich Jitendra       3.78        17       0%      ₹44      11d
16    Sarang Bhakre          3.48        15      15%     ₹142       8d
17    Radhika                3.37        29      14%      ₹51       5d
18    Devyansh Pandey        3.37        22       0%      ₹34      10d
19    Govid Pratap Mishra    3.15        32      17%      ₹29       8d
20    Acharya Prem           2.61        12       9%      ₹28       5d
21    Sheetal Vohra          2.51        28      37%      ₹70       2d
22    Jitendra Sharma        2.39        11      10%      ₹19       5d
23    Shivaji                2.35        22      33%      ₹42       3d
24    Dr. Ujjwal Agarwal     2.12        18      13%      ₹52       3d
25    Jyotirvid Asutosh      1.20         1       0%      ₹43       1d
26    Smita Sinha            0.48         0       0%       ₹0       0d
27    Pooja Saxena           0.48         0       0%       ₹0       0d
28    Hardik Jitendrabhai    0.48         1       0%       ₹0       0d
29    Mohit Nigam            0.33         0       0%       ₹0       0d
30    Sheel Gupta            0.33         0       0%       ₹0       0d
=====================================================================================

Total: 30 guides
[18:00:06] Updating rankings in PostgreSQL...
Saved 30 ranking history records
Updated ranking_score for 30 guides in PostgreSQL
=====================================================================================
Rank  Guide                 Score  Consults  Repeat%   Avg OV   Active
=====================================================================================
1     Kalpana Tripathi       6.27       839      13%      ₹51      30d
2     Gaurav Pathak          6.24       362      14%      ₹50      31d
3     Anuradha Pathak        6.19       498      13%      ₹46      30d
4     Anjali Jaiswal         5.97       161      15%      ₹53      20d
5     Abhishek Kumar         5.93       298      12%      ₹48      28d
6     Sandhya Malhotra       5.72        82      13%      ₹41      24d
7     Rajini Tiwari          5.43       186      15%      ₹36      28d
8     Jitendra Mishra        5.40        76       5%      ₹55      16d
9     Priyanka               5.37       238       7%      ₹29      30d
10    Roli Agarwal           5.20        99       7%      ₹35      25d
11    Alok                   5.13        74      10%      ₹37      17d
12    Neha Pandey            4.97        49      22%     ₹117      10d
13    Pankajesh Ji           4.64        41       9%      ₹22      22d
14    Aparajita              3.90        22       6%      ₹38      12d
15    Dadhich Jitendra       3.78        17       0%      ₹44      11d
16    Sarang Bhakre          3.48        15      15%     ₹142       8d
17    Radhika                3.37        29      14%      ₹51       5d
18    Devyansh Pandey        3.37        22       0%      ₹34      10d
19    Govid Pratap Mishra    3.15        32      17%      ₹29       8d
20    Sheetal Vohra          2.64        31      42%      ₹69       2d
21    Acharya Prem           2.61        12       9%      ₹28       5d
22    Jitendra Sharma        2.39        11      10%      ₹19       5d
23    Shivaji                2.35        22      33%      ₹42       3d
24    Dr. Ujjwal Agarwal     2.12        18      13%      ₹52       3d
25    Jyotirvid Asutosh      1.20         1       0%      ₹43       1d
26    Smita Sinha            0.48         0       0%       ₹0       0d
27    Pooja Saxena           0.48         0       0%       ₹0       0d
28    Hardik Jitendrabhai    0.48         1       0%       ₹0       0d
29    Mohit Nigam            0.33         0       0%       ₹0       0d
30    Sheel Gupta            0.33         0       0%       ₹0       0d
=====================================================================================

Total: 30 guides
[19:00:06] Updating rankings in PostgreSQL...
Saved 30 ranking history records
Updated ranking_score for 30 guides in PostgreSQL
=====================================================================================
Rank  Guide                 Score  Consults  Repeat%   Avg OV   Active
=====================================================================================
1     Kalpana Tripathi       6.27       839      13%      ₹51      30d
2     Gaurav Pathak          6.23       365      14%      ₹50      31d
3     Anuradha Pathak        6.19       498      13%      ₹46      30d
4     Anjali Jaiswal         5.97       161      15%      ₹53      20d
5     Abhishek Kumar         5.93       298      12%      ₹48      28d
6     Sandhya Malhotra       5.72        82      13%      ₹41      24d
7     Rajini Tiwari          5.47       189      15%      ₹37      28d
8     Jitendra Mishra        5.40        76       5%      ₹55      16d
9     Priyanka               5.37       239       7%      ₹29      29d
10    Roli Agarwal           5.21       101       7%      ₹35      25d
11    Alok                   5.13        74      10%      ₹37      17d
12    Neha Pandey            4.97        49      22%     ₹117      10d
13    Pankajesh Ji           4.64        41       9%      ₹22      22d
14    Aparajita              3.90        22       6%      ₹38      12d
15    Dadhich Jitendra       3.78        17       0%      ₹44      11d
16    Sarang Bhakre          3.48        15      15%     ₹142       8d
17    Radhika                3.37        29      14%      ₹51       5d
18    Devyansh Pandey        3.37        22       0%      ₹34      10d
19    Govid Pratap Mishra    3.15        32      17%      ₹29       8d
20    Sheetal Vohra          2.64        31      42%      ₹69       2d
21    Acharya Prem           2.61        12       9%      ₹28       5d
22    Jitendra Sharma        2.39        11      10%      ₹19       5d
23    Shivaji                2.32        24      29%      ₹42       3d
24    Dr. Ujjwal Agarwal     2.12        18      13%      ₹52       3d
25    Jyotirvid Asutosh      1.20         1       0%      ₹43       1d
26    Smita Sinha            0.48         0       0%       ₹0       0d
27    Pooja Saxena           0.48         0       0%       ₹0       0d
28    Hardik Jitendrabhai    0.48         1       0%       ₹0       0d
29    Mohit Nigam            0.33         0       0%       ₹0       0d
30    Sheel Gupta            0.33         0       0%       ₹0       0d
=====================================================================================

Total: 30 guides
[20:00:06] Updating rankings in PostgreSQL...
Saved 30 ranking history records
Updated ranking_score for 30 guides in PostgreSQL
=====================================================================================
Rank  Guide                 Score  Consults  Repeat%   Avg OV   Active
=====================================================================================
1     Kalpana Tripathi       6.27       839      13%      ₹51      30d
2     Gaurav Pathak          6.26       372      15%      ₹50      30d
3     Anuradha Pathak        6.19       498      13%      ₹46      30d
4     Anjali Jaiswal         5.97       161      15%      ₹53      20d
5     Abhishek Kumar         5.93       298      12%      ₹48      28d
6     Sandhya Malhotra       5.72        82      13%      ₹41      24d
7     Rajini Tiwari          5.47       190      15%      ₹37      27d
8     Jitendra Mishra        5.40        76       5%      ₹55      16d
9     Priyanka               5.36       240       7%      ₹29      29d
10    Roli Agarwal           5.21       103       7%      ₹35      25d
11    Alok                   5.13        74      10%      ₹37      17d
12    Neha Pandey            4.97        49      22%     ₹117      10d
13    Pankajesh Ji           4.64        41       9%      ₹22      22d
14    Aparajita              3.90        22       6%      ₹38      12d
15    Dadhich Jitendra       3.78        17       0%      ₹44      11d
16    Sarang Bhakre          3.48        15      15%     ₹142       8d
17    Radhika                3.37        29      14%      ₹51       5d
18    Devyansh Pandey        3.37        22       0%      ₹34      10d
19    Govid Pratap Mishra    3.15        32      17%      ₹29       8d
20    Sheetal Vohra          2.64        31      42%      ₹69       2d
21    Acharya Prem           2.61        12       9%      ₹28       5d
22    Jitendra Sharma        2.39        11      10%      ₹19       5d
23    Shivaji                2.32        24      29%      ₹42       3d
24    Dr. Ujjwal Agarwal     2.12        18      13%      ₹52       3d
25    Jyotirvid Asutosh      1.20         1       0%      ₹43       1d
26    Smita Sinha            0.48         0       0%       ₹0       0d
27    Pooja Saxena           0.48         0       0%       ₹0       0d
28    Hardik Jitendrabhai    0.48         1       0%       ₹0       0d
29    Mohit Nigam            0.33         0       0%       ₹0       0d
30    Sheel Gupta            0.33         0       0%       ₹0       0d
=====================================================================================

Total: 30 guides
[21:00:06] Updating rankings in PostgreSQL...
Saved 30 ranking history records
Updated ranking_score for 30 guides in PostgreSQL
=====================================================================================
Rank  Guide                 Score  Consults  Repeat%   Avg OV   Active
=====================================================================================
1     Kalpana Tripathi       6.27       839      13%      ₹51      30d
2     Gaurav Pathak          6.26       372      15%      ₹50      30d
3     Anuradha Pathak        6.19       498      13%      ₹46      30d
4     Anjali Jaiswal         5.97       161      15%      ₹53      20d
5     Abhishek Kumar         5.93       298      12%      ₹48      28d
6     Sandhya Malhotra       5.72        82      13%      ₹41      24d
7     Rajini Tiwari          5.47       190      15%      ₹37      27d
8     Jitendra Mishra        5.40        76       5%      ₹55      16d
9     Priyanka               5.36       240       7%      ₹29      29d
10    Roli Agarwal           5.21       103       7%      ₹35      25d
11    Alok                   5.13        74      10%      ₹37      17d
12    Neha Pandey            4.97        49      22%     ₹117      10d
13    Pankajesh Ji           4.64        41       9%      ₹22      22d
14    Aparajita              3.90        22       6%      ₹38      12d
15    Dadhich Jitendra       3.78        17       0%      ₹44      11d
16    Sarang Bhakre          3.48        15      15%     ₹142       8d
17    Radhika                3.37        29      14%      ₹51       5d
18    Devyansh Pandey        3.37        22       0%      ₹34      10d
19    Govid Pratap Mishra    3.15        32      17%      ₹29       8d
20    Sheetal Vohra          2.64        31      42%      ₹69       2d
21    Acharya Prem           2.61        12       9%      ₹28       5d
22    Jitendra Sharma        2.39        11      10%      ₹19       5d
23    Shivaji                2.32        24      29%      ₹42       3d
24    Dr. Ujjwal Agarwal     2.12        18      13%      ₹52       3d
25    Jyotirvid Asutosh      1.20         1       0%      ₹43       1d
26    Smita Sinha            0.48         0       0%       ₹0       0d
27    Pooja Saxena           0.48         0       0%       ₹0       0d
28    Hardik Jitendrabhai    0.48         1       0%       ₹0       0d
29    Mohit Nigam            0.33         0       0%       ₹0       0d
30    Sheel Gupta            0.33         0       0%       ₹0       0d
=====================================================================================

Total: 30 guides
[22:00:06] Updating rankings in PostgreSQL...
Saved 30 ranking history records
Updated ranking_score for 30 guides in PostgreSQL
=====================================================================================
Rank  Guide                 Score  Consults  Repeat%   Avg OV   Active
=====================================================================================
1     Kalpana Tripathi       6.27       839      13%      ₹51      30d
2     Gaurav Pathak          6.26       372      15%      ₹50      30d
3     Anuradha Pathak        6.19       498      13%      ₹46      30d
4     Anjali Jaiswal         5.97       161      15%      ₹53      20d
5     Abhishek Kumar         5.93       298      12%      ₹48      28d
6     Sandhya Malhotra       5.72        82      13%      ₹41      23d
7     Rajini Tiwari          5.47       190      15%      ₹37      27d
8     Jitendra Mishra        5.40        76       5%      ₹55      16d
9     Priyanka               5.36       240       7%      ₹29      29d
10    Roli Agarwal           5.21       103       7%      ₹35      25d
11    Alok                   5.13        74      10%      ₹37      17d
12    Neha Pandey            4.97        49      22%     ₹117      10d
13    Pankajesh Ji           4.64        41       9%      ₹22      22d
14    Aparajita              3.90        22       6%      ₹38      12d
15    Dadhich Jitendra       3.78        17       0%      ₹44      11d
16    Sarang Bhakre          3.48        15      15%     ₹142       8d
17    Radhika                3.37        29      14%      ₹51       5d
18    Devyansh Pandey        3.37        22       0%      ₹34      10d
19    Govid Pratap Mishra    3.15        32      17%      ₹29       8d
20    Sheetal Vohra          2.64        31      42%      ₹69       2d
21    Acharya Prem           2.61        12       9%      ₹28       5d
22    Jitendra Sharma        2.39        11      10%      ₹19       5d
23    Shivaji                2.32        24      29%      ₹42       3d
24    Dr. Ujjwal Agarwal     2.12        18      13%      ₹52       3d
25    Jyotirvid Asutosh      1.20         1       0%      ₹43       1d
26    Smita Sinha            0.48         0       0%       ₹0       0d
27    Pooja Saxena           0.48         0       0%       ₹0       0d
28    Hardik Jitendrabhai    0.48         1       0%       ₹0       0d
29    Mohit Nigam            0.33         0       0%       ₹0       0d
30    Sheel Gupta            0.33         0       0%       ₹0       0d
=====================================================================================

Total: 30 guides
[23:00:06] Updating rankings in PostgreSQL...
Saved 30 ranking history records
Updated ranking_score for 30 guides in PostgreSQL
=====================================================================================
Rank  Guide                 Score  Consults  Repeat%   Avg OV   Active
=====================================================================================
1     Kalpana Tripathi       6.27       839      13%      ₹51      30d
2     Gaurav Pathak          6.26       372      15%      ₹50      30d
3     Anuradha Pathak        6.19       498      13%      ₹46      30d
4     Anjali Jaiswal         5.97       161      15%      ₹53      20d
5     Abhishek Kumar         5.93       298      12%      ₹48      28d
6     Sandhya Malhotra       5.72        82      13%      ₹41      23d
7     Rajini Tiwari          5.47       190      15%      ₹37      27d
8     Jitendra Mishra        5.40        76       5%      ₹55      16d
9     Priyanka               5.36       240       7%      ₹29      29d
10    Roli Agarwal           5.21       103       7%      ₹35      25d
11    Alok                   5.13        74      10%      ₹37      17d
12    Neha Pandey            4.97        49      22%     ₹117      10d
13    Pankajesh Ji           4.64        41       9%      ₹22      22d
14    Aparajita              3.90        22       6%      ₹38      12d
15    Dadhich Jitendra       3.78        17       0%      ₹44      11d
16    Sarang Bhakre          3.48        15      15%     ₹142       8d
17    Radhika                3.37        29      14%      ₹51       5d
18    Devyansh Pandey        3.37        22       0%      ₹34      10d
19    Govid Pratap Mishra    3.15        32      17%      ₹29       8d
20    Sheetal Vohra          2.64        31      42%      ₹69       2d
21    Acharya Prem           2.61        12       9%      ₹28       5d
22    Jitendra Sharma        2.39        11      10%      ₹19       5d
23    Shivaji                2.32        24      29%      ₹42       3d
24    Dr. Ujjwal Agarwal     2.12        18      13%      ₹52       3d
25    Jyotirvid Asutosh      1.20         1       0%      ₹43       1d
26    Smita Sinha            0.48         0       0%       ₹0       0d
27    Pooja Saxena           0.48         0       0%       ₹0       0d
28    Hardik Jitendrabhai    0.48         1       0%       ₹0       0d
29    Mohit Nigam            0.33         0       0%       ₹0       0d
30    Sheel Gupta            0.33         0       0%       ₹0       0d
=====================================================================================

Total: 30 guides
[00:00:06] Updating rankings in PostgreSQL...
Saved 30 ranking history records
Updated ranking_score for 30 guides in PostgreSQL
=====================================================================================
Rank  Guide                 Score  Consults  Repeat%   Avg OV   Active
=====================================================================================
1     Kalpana Tripathi       6.27       839      13%      ₹51      30d
2     Gaurav Pathak          6.26       372      15%      ₹50      30d
3     Anuradha Pathak        6.19       498      13%      ₹46      30d
4     Anjali Jaiswal         5.97       161      15%      ₹53      20d
5     Abhishek Kumar         5.93       298      12%      ₹48      28d
6     Sandhya Malhotra       5.72        82      13%      ₹41      23d
7     Rajini Tiwari          5.47       190      15%      ₹37      27d
8     Jitendra Mishra        5.40        76       5%      ₹55      16d
9     Priyanka               5.36       240       7%      ₹29      29d
10    Roli Agarwal           5.21       103       7%      ₹35      25d
11    Alok                   5.13        74      10%      ₹37      17d
12    Neha Pandey            4.97        49      22%     ₹117      10d
13    Pankajesh Ji           4.64        41       9%      ₹22      22d
14    Aparajita              3.90        22       6%      ₹38      12d
15    Dadhich Jitendra       3.78        17       0%      ₹44      11d
16    Sarang Bhakre          3.48        15      15%     ₹142       8d
17    Radhika                3.37        29      14%      ₹51       5d
18    Devyansh Pandey        3.37        22       0%      ₹34      10d
19    Govid Pratap Mishra    3.15        32      17%      ₹29       8d
20    Sheetal Vohra          2.64        31      42%      ₹69       2d
21    Acharya Prem           2.61        12       9%      ₹28       5d
22    Jitendra Sharma        2.39        11      10%      ₹19       5d
23    Shivaji                2.32        24      29%      ₹42       3d
24    Dr. Ujjwal Agarwal     2.12        18      13%      ₹52       3d
25    Jyotirvid Asutosh      1.20         1       0%      ₹43       1d
26    Smita Sinha            0.48         0       0%       ₹0       0d
27    Pooja Saxena           0.48         0       0%       ₹0       0d
28    Hardik Jitendrabhai    0.48         1       0%       ₹0       0d
29    Mohit Nigam            0.33         0       0%       ₹0       0d
30    Sheel Gupta            0.33         0       0%       ₹0       0d
=====================================================================================

Total: 30 guides
[01:00:06] Updating rankings in PostgreSQL...
Saved 30 ranking history records
Updated ranking_score for 30 guides in PostgreSQL
=====================================================================================
Rank  Guide                 Score  Consults  Repeat%   Avg OV   Active
=====================================================================================
1     Kalpana Tripathi       6.27       839      13%      ₹51      30d
2     Gaurav Pathak          6.26       372      15%      ₹50      30d
3     Anuradha Pathak        6.19       498      13%      ₹46      30d
4     Anjali Jaiswal         5.97       161      15%      ₹53      20d
5     Abhishek Kumar         5.94       301      13%      ₹48      29d
6     Sandhya Malhotra       5.72        82      13%      ₹41      23d
7     Rajini Tiwari          5.47       190      15%      ₹37      27d
8     Jitendra Mishra        5.40        76       5%      ₹55      16d
9     Priyanka               5.36       240       7%      ₹29      29d
10    Roli Agarwal           5.21       103       7%      ₹35      25d
11    Alok                   5.13        74      10%      ₹37      17d
12    Neha Pandey            4.97        49      22%     ₹117      10d
13    Pankajesh Ji           4.64        41       9%      ₹22      22d
14    Aparajita              3.90        22       6%      ₹38      12d
15    Dadhich Jitendra       3.78        17       0%      ₹44      11d
16    Sarang Bhakre          3.48        15      15%     ₹142       8d
17    Radhika                3.37        29      14%      ₹51       5d
18    Devyansh Pandey        3.37        22       0%      ₹34      10d
19    Govid Pratap Mishra    3.15        32      17%      ₹29       8d
20    Sheetal Vohra          2.64        31      42%      ₹69       2d
21    Acharya Prem           2.61        12       9%      ₹28       5d
22    Jitendra Sharma        2.39        11      10%      ₹19       5d
23    Shivaji                2.36        24      29%      ₹42       4d
24    Dr. Ujjwal Agarwal     2.12        18      13%      ₹52       3d
25    Jyotirvid Asutosh      1.20         1       0%      ₹43       1d
26    Smita Sinha            0.48         0       0%       ₹0       0d
27    Pooja Saxena           0.48         0       0%       ₹0       0d
28    Hardik Jitendrabhai    0.48         1       0%       ₹0       0d
29    Mohit Nigam            0.33         0       0%       ₹0       0d
30    Sheel Gupta            0.33         0       0%       ₹0       0d
=====================================================================================

Total: 30 guides
[02:00:06] Updating rankings in PostgreSQL...
Saved 30 ranking history records
Updated ranking_score for 30 guides in PostgreSQL
=====================================================================================
Rank  Guide                 Score  Consults  Repeat%   Avg OV   Active
=====================================================================================
1     Kalpana Tripathi       6.27       839      13%      ₹51      30d
2     Gaurav Pathak          6.26       372      15%      ₹50      30d
3     Anuradha Pathak        6.19       498      13%      ₹46      30d
4     Anjali Jaiswal         5.97       161      15%      ₹53      20d
5     Abhishek Kumar         5.94       302      13%      ₹48      29d
6     Sandhya Malhotra       5.72        82      13%      ₹41      23d
7     Rajini Tiwari          5.47       190      15%      ₹37      27d
8     Jitendra Mishra        5.40        76       5%      ₹55      16d
9     Priyanka               5.36       240       7%      ₹29      29d
10    Roli Agarwal           5.21       103       7%      ₹35      25d
11    Alok                   5.19        75      10%      ₹37      18d
12    Neha Pandey            4.97        49      22%     ₹117      10d
13    Pankajesh Ji           4.64        41       9%      ₹22      22d
14    Aparajita              3.90        22       6%      ₹38      12d
15    Dadhich Jitendra       3.78        17       0%      ₹44      11d
16    Sarang Bhakre          3.48        15      15%     ₹142       8d
17    Radhika                3.37        29      14%      ₹51       5d
18    Devyansh Pandey        3.37        22       0%      ₹34      10d
19    Govid Pratap Mishra    3.15        32      17%      ₹29       8d
20    Sheetal Vohra          2.64        31      42%      ₹69       2d
21    Acharya Prem           2.61        12       9%      ₹28       5d
22    Jitendra Sharma        2.39        11      10%      ₹19       5d
23    Shivaji                2.36        24      29%      ₹42       4d
24    Dr. Ujjwal Agarwal     2.12        18      13%      ₹52       3d
25    Jyotirvid Asutosh      1.20         1       0%      ₹43       1d
26    Smita Sinha            0.48         0       0%       ₹0       0d
27    Pooja Saxena           0.48         0       0%       ₹0       0d
28    Hardik Jitendrabhai    0.48         1       0%       ₹0       0d
29    Mohit Nigam            0.33         0       0%       ₹0       0d
30    Sheel Gupta            0.33         0       0%       ₹0       0d
=====================================================================================

Total: 30 guides
[03:00:06] Updating rankings in PostgreSQL...
Saved 30 ranking history records
Updated ranking_score for 30 guides in PostgreSQL
=====================================================================================
Rank  Guide                 Score  Consults  Repeat%   Avg OV   Active
=====================================================================================
1     Kalpana Tripathi       6.27       839      13%      ₹51      30d
2     Gaurav Pathak          6.26       372      15%      ₹50      30d
3     Anuradha Pathak        6.19       498      13%      ₹46      30d
4     Anjali Jaiswal         5.97       161      15%      ₹53      20d
5     Abhishek Kumar         5.94       304      13%      ₹48      29d
6     Sandhya Malhotra       5.72        82      13%      ₹41      23d
7     Rajini Tiwari          5.47       190      15%      ₹37      27d
8     Jitendra Mishra        5.40        76       5%      ₹55      16d
9     Priyanka               5.36       240       7%      ₹29      29d
10    Roli Agarwal           5.21       103       7%      ₹35      25d
11    Alok                   5.19        76      10%      ₹37      18d
12    Neha Pandey            4.97        49      22%     ₹117      10d
13    Pankajesh Ji           4.64        41       9%      ₹22      22d
14    Aparajita              3.90        22       6%      ₹38      12d
15    Dadhich Jitendra       3.78        17       0%      ₹44      11d
16    Sarang Bhakre          3.48        15      15%     ₹142       8d
17    Radhika                3.37        29      14%      ₹51       5d
18    Devyansh Pandey        3.37        22       0%      ₹34      10d
19    Govid Pratap Mishra    3.15        32      17%      ₹29       8d
20    Sheetal Vohra          2.64        31      42%      ₹69       2d
21    Acharya Prem           2.61        12       9%      ₹28       5d
22    Shivaji                2.55        29      37%      ₹45       4d
23    Jitendra Sharma        2.39        11      10%      ₹19       5d
24    Dr. Ujjwal Agarwal     2.12        18      13%      ₹52       3d
25    Jyotirvid Asutosh      1.20         1       0%      ₹43       1d
26    Smita Sinha            0.48         0       0%       ₹0       0d
27    Pooja Saxena           0.48         0       0%       ₹0       0d
28    Hardik Jitendrabhai    0.48         1       0%       ₹0       0d
29    Mohit Nigam            0.33         0       0%       ₹0       0d
30    Sheel Gupta            0.33         0       0%       ₹0       0d
=====================================================================================

Total: 30 guides
[04:00:06] Updating rankings in PostgreSQL...
Saved 30 ranking history records
Updated ranking_score for 30 guides in PostgreSQL
=====================================================================================
Rank  Guide                 Score  Consults  Repeat%   Avg OV   Active
=====================================================================================
1     Kalpana Tripathi       6.27       839      13%      ₹51      31d
2     Gaurav Pathak          6.26       372      15%      ₹50      30d
3     Anuradha Pathak        6.19       501      13%      ₹46      31d
4     Anjali Jaiswal         5.97       161      15%      ₹53      20d
5     Abhishek Kumar         5.94       307      13%      ₹48      29d
6     Sandhya Malhotra       5.72        82      13%      ₹41      23d
7     Rajini Tiwari          5.47       190      15%      ₹37      27d
8     Jitendra Mishra        5.40        76       5%      ₹55      16d
9     Priyanka               5.36       240       7%      ₹29      29d
10    Roli Agarwal           5.21       103       7%      ₹35      25d
11    Alok                   5.20        78       9%      ₹37      18d
12    Neha Pandey            5.03        49      22%     ₹117      11d
13    Pankajesh Ji           4.64        41       9%      ₹22      22d
14    Aparajita              3.90        22       6%      ₹38      12d
15    Dadhich Jitendra       3.78        17       0%      ₹44      11d
16    Sarang Bhakre          3.48        15      15%     ₹142       8d
17    Radhika                3.37        29      14%      ₹51       5d
18    Devyansh Pandey        3.37        22       0%      ₹34      10d
19    Govid Pratap Mishra    3.15        32      17%      ₹29       8d
20    Sheetal Vohra          2.64        31      42%      ₹69       2d
21    Acharya Prem           2.61        12       9%      ₹28       5d
22    Shivaji                2.56        31      37%      ₹45       4d
23    Jitendra Sharma        2.39        11      10%      ₹19       5d
24    Dr. Ujjwal Agarwal     2.12        18      13%      ₹52       3d
25    Jyotirvid Asutosh      1.20         1       0%      ₹43       1d
26    Smita Sinha            0.48         0       0%       ₹0       0d
27    Pooja Saxena           0.48         0       0%       ₹0       0d
28    Hardik Jitendrabhai    0.48         1       0%       ₹0       0d
29    Mohit Nigam            0.33         0       0%       ₹0       0d
30    Sheel Gupta            0.33         0       0%       ₹0       0d
=====================================================================================

Total: 30 guides
[05:00:06] Updating rankings in PostgreSQL...
Saved 30 ranking history records
Updated ranking_score for 30 guides in PostgreSQL
=====================================================================================
Rank  Guide                 Score  Consults  Repeat%   Avg OV   Active
=====================================================================================
1     Kalpana Tripathi       6.27       841      13%      ₹51      31d
2     Gaurav Pathak          6.26       372      15%      ₹50      30d
3     Anuradha Pathak        6.19       501      13%      ₹46      31d
4     Anjali Jaiswal         5.97       161      15%      ₹53      20d
5     Abhishek Kumar         5.93       308      13%      ₹48      29d
6     Sandhya Malhotra       5.72        82      13%      ₹41      23d
7     Rajini Tiwari          5.47       190      15%      ₹37      27d
8     Jitendra Mishra        5.40        76       5%      ₹55      16d
9     Priyanka               5.36       240       7%      ₹29      29d
10    Alok                   5.24        81       9%      ₹37      18d
11    Roli Agarwal           5.21       103       7%      ₹35      24d
12    Neha Pandey            5.03        49      22%     ₹117      11d
13    Pankajesh Ji           4.64        41       9%      ₹22      22d
14    Aparajita              3.90        22       6%      ₹38      12d
15    Dadhich Jitendra       3.78        17       0%      ₹44      11d
16    Sarang Bhakre          3.48        15      15%     ₹142       8d
17    Radhika                3.37        29      14%      ₹51       5d
18    Devyansh Pandey        3.37        22       0%      ₹34      10d
19    Govid Pratap Mishra    3.15        32      17%      ₹29       8d
20    Sheetal Vohra          2.64        31      42%      ₹69       2d
21    Acharya Prem           2.61        12       9%      ₹28       5d
22    Shivaji                2.56        31      37%      ₹45       4d
23    Jitendra Sharma        2.39        11      10%      ₹19       5d
24    Dr. Ujjwal Agarwal     2.12        18      13%      ₹52       3d
25    Jyotirvid Asutosh      1.20         1       0%      ₹43       1d
26    Smita Sinha            0.48         0       0%       ₹0       0d
27    Pooja Saxena           0.48         0       0%       ₹0       0d
28    Hardik Jitendrabhai    0.48         1       0%       ₹0       0d
29    Mohit Nigam            0.33         0       0%       ₹0       0d
30    Sheel Gupta            0.33         0       0%       ₹0       0d
=====================================================================================

Total: 30 guides
[06:00:06] Updating rankings in PostgreSQL...
Saved 30 ranking history records
Updated ranking_score for 30 guides in PostgreSQL
=====================================================================================
Rank  Guide                 Score  Consults  Repeat%   Avg OV   Active
=====================================================================================
1     Kalpana Tripathi       6.26       844      13%      ₹51      31d
2     Gaurav Pathak          6.25       373      15%      ₹50      31d
3     Anuradha Pathak        6.19       503      13%      ₹47      31d
4     Anjali Jaiswal         5.97       161      15%      ₹53      20d
5     Abhishek Kumar         5.93       308      13%      ₹48      29d
6     Sandhya Malhotra       5.72        82      13%      ₹41      23d
7     Rajini Tiwari          5.47       190      15%      ₹37      27d
8     Jitendra Mishra        5.40        76       5%      ₹55      16d
9     Priyanka               5.36       240       7%      ₹29      29d
10    Alok                   5.24        82       9%      ₹37      18d
11    Roli Agarwal           5.21       103       7%      ₹35      24d
12    Neha Pandey            5.03        49      22%     ₹117      11d
13    Pankajesh Ji           4.64        41       9%      ₹22      21d
14    Aparajita              3.90        22       6%      ₹38      12d
15    Dadhich Jitendra       3.78        17       0%      ₹44      11d
16    Sarang Bhakre          3.48        15      15%     ₹142       8d
17    Radhika                3.37        29      14%      ₹51       5d
18    Devyansh Pandey        3.37        22       0%      ₹34      10d
19    Govid Pratap Mishra    3.15        32      17%      ₹29       8d
20    Sheetal Vohra          2.67        31      42%      ₹69       3d
21    Acharya Prem           2.61        12       9%      ₹28       5d
22    Shivaji                2.56        31      37%      ₹45       4d
23    Jitendra Sharma        2.39        11      10%      ₹19       5d
24    Dr. Ujjwal Agarwal     2.12        18      13%      ₹52       3d
25    Jyotirvid Asutosh      1.20         1       0%      ₹43       1d
26    Smita Sinha            0.48         0       0%       ₹0       0d
27    Pooja Saxena           0.48         0       0%       ₹0       0d
28    Hardik Jitendrabhai    0.48         1       0%       ₹0       0d
29    Mohit Nigam            0.33         0       0%       ₹0       0d
30    Sheel Gupta            0.33         0       0%       ₹0       0d
=====================================================================================

Total: 30 guides
[07:00:07] Updating rankings in PostgreSQL...
Saved 30 ranking history records
Updated ranking_score for 30 guides in PostgreSQL
=====================================================================================
Rank  Guide                 Score  Consults  Repeat%   Avg OV   Active
=====================================================================================
1     Kalpana Tripathi       6.26       844      13%      ₹51      31d
2     Gaurav Pathak          6.26       377      15%      ₹50      31d
3     Anuradha Pathak        6.19       504      13%      ₹47      31d
4     Anjali Jaiswal         5.97       161      15%      ₹53      21d
5     Abhishek Kumar         5.93       308      13%      ₹48      29d
6     Sandhya Malhotra       5.72        82      13%      ₹41      23d
7     Rajini Tiwari          5.47       190      15%      ₹37      27d
8     Jitendra Mishra        5.40        76       5%      ₹55      16d
9     Priyanka               5.36       240       7%      ₹29      29d
10    Alok                   5.24        82       9%      ₹37      18d
11    Roli Agarwal           5.21       103       7%      ₹35      24d
12    Neha Pandey            5.03        49      22%     ₹117      11d
13    Pankajesh Ji           4.64        41       9%      ₹22      21d
14    Aparajita              3.90        22       6%      ₹38      12d
15    Dadhich Jitendra       3.78        17       0%      ₹44      11d
16    Sarang Bhakre          3.48        15      15%     ₹142       8d
17    Radhika                3.37        29      14%      ₹51       5d
18    Devyansh Pandey        3.37        22       0%      ₹34      10d
19    Govid Pratap Mishra    3.15        32      17%      ₹29       8d
20    Acharya Prem           2.61        12       9%      ₹28       5d
21    Sheetal Vohra          2.60        33      38%      ₹69       3d
22    Shivaji                2.56        31      37%      ₹45       4d
23    Jitendra Sharma        2.39        11      10%      ₹19       5d
24    Dr. Ujjwal Agarwal     2.12        18      13%      ₹52       3d
25    Jyotirvid Asutosh      1.20         1       0%      ₹43       1d
26    Smita Sinha            0.48         0       0%       ₹0       0d
27    Pooja Saxena           0.48         0       0%       ₹0       0d
28    Hardik Jitendrabhai    0.48         1       0%       ₹0       0d
29    Mohit Nigam            0.33         0       0%       ₹0       0d
30    Sheel Gupta            0.33         0       0%       ₹0       0d
=====================================================================================

Total: 30 guides
[08:00:06] Updating rankings in PostgreSQL...
Saved 30 ranking history records
Updated ranking_score for 30 guides in PostgreSQL
=====================================================================================
Rank  Guide                 Score  Consults  Repeat%   Avg OV   Active
=====================================================================================
1     Kalpana Tripathi       6.26       845      13%      ₹51      31d
2     Gaurav Pathak          6.25       380      15%      ₹50      31d
3     Anuradha Pathak        6.19       505      13%      ₹47      31d
4     Anjali Jaiswal         5.96       164      15%      ₹53      21d
5     Abhishek Kumar         5.93       309      12%      ₹48      29d
6     Sandhya Malhotra       5.72        82      13%      ₹41      23d
7     Rajini Tiwari          5.47       190      15%      ₹37      27d
8     Jitendra Mishra        5.40        76       5%      ₹55      16d
9     Priyanka               5.36       240       7%      ₹29      29d
10    Alok                   5.24        82       9%      ₹37      18d
11    Roli Agarwal           5.21       103       7%      ₹35      24d
12    Neha Pandey            5.03        49      22%     ₹117      11d
13    Pankajesh Ji           4.64        41       9%      ₹22      21d
14    Aparajita              3.90        22       6%      ₹38      12d
15    Dadhich Jitendra       3.78        17       0%      ₹44      11d
16    Sarang Bhakre          3.48        15      15%     ₹142       8d
17    Radhika                3.37        29      14%      ₹51       5d
18    Devyansh Pandey        3.37        22       0%      ₹34      10d
19    Govid Pratap Mishra    3.15        32      17%      ₹29       8d
20    Sheetal Vohra          2.62        36      38%      ₹69       3d
21    Acharya Prem           2.61        12       9%      ₹28       5d
22    Shivaji                2.56        31      37%      ₹45       4d
23    Jitendra Sharma        2.39        11      10%      ₹19       5d
24    Dr. Ujjwal Agarwal     2.12        18      13%      ₹52       3d
25    Jyotirvid Asutosh      1.20         1       0%      ₹43       1d
26    Smita Sinha            0.48         0       0%       ₹0       0d
27    Pooja Saxena           0.48         0       0%       ₹0       0d
28    Hardik Jitendrabhai    0.48         1       0%       ₹0       0d
29    Mohit Nigam            0.33         0       0%       ₹0       0d
30    Sheel Gupta            0.33         0       0%       ₹0       0d
=====================================================================================

Total: 30 guides
[09:00:06] Updating rankings in PostgreSQL...
Saved 30 ranking history records
Updated ranking_score for 30 guides in PostgreSQL
=====================================================================================
Rank  Guide                 Score  Consults  Repeat%   Avg OV   Active
=====================================================================================
1     Kalpana Tripathi       6.26       847      12%      ₹51      31d
2     Gaurav Pathak          6.26       384      15%      ₹50      30d
3     Anuradha Pathak        6.18       507      13%      ₹46      31d
4     Anjali Jaiswal         5.96       165      15%      ₹53      21d
5     Abhishek Kumar         5.93       309      12%      ₹48      29d
6     Sandhya Malhotra       5.72        82      13%      ₹41      23d
7     Rajini Tiwari          5.47       190      15%      ₹37      27d
8     Jitendra Mishra        5.40        76       5%      ₹55      16d
9     Priyanka               5.36       240       7%      ₹29      29d
10    Alok                   5.24        82       9%      ₹37      18d
11    Roli Agarwal           5.21       103       7%      ₹35      24d
12    Neha Pandey            5.03        49      22%     ₹117      11d
13    Pankajesh Ji           4.64        41       9%      ₹22      21d
14    Aparajita              3.90        22       6%      ₹38      12d
15    Dadhich Jitendra       3.78        17       0%      ₹44      11d
16    Sarang Bhakre          3.48        15      15%     ₹142       8d
17    Radhika                3.37        29      14%      ₹51       5d
18    Devyansh Pandey        3.37        22       0%      ₹34      10d
19    Govid Pratap Mishra    3.15        32      17%      ₹29       8d
20    Acharya Prem           2.61        12       9%      ₹28       5d
21    Sheetal Vohra          2.60        38      36%      ₹76       3d
22    Shivaji                2.56        31      37%      ₹45       4d
23    Jitendra Sharma        2.39        11      10%      ₹19       5d
24    Dr. Ujjwal Agarwal     2.12        18      13%      ₹52       3d
25    Jyotirvid Asutosh      1.20         1       0%      ₹43       1d
26    Smita Sinha            0.48         0       0%       ₹0       0d
27    Pooja Saxena           0.48         0       0%       ₹0       0d
28    Hardik Jitendrabhai    0.48         1       0%       ₹0       0d
29    Mohit Nigam            0.33         0       0%       ₹0       0d
30    Sheel Gupta            0.33         0       0%       ₹0       0d
=====================================================================================

Total: 30 guides
[10:00:06] Updating rankings in PostgreSQL...
Saved 30 ranking history records
Updated ranking_score for 30 guides in PostgreSQL
=====================================================================================
Rank  Guide                 Score  Consults  Repeat%   Avg OV   Active
=====================================================================================
1     Kalpana Tripathi       6.26       850      12%      ₹51      31d
2     Gaurav Pathak          6.26       385      15%      ₹50      30d
3     Anuradha Pathak        6.19       509      13%      ₹47      31d
4     Anjali Jaiswal         5.95       166      14%      ₹53      21d
5     Abhishek Kumar         5.93       309      12%      ₹48      29d
6     Sandhya Malhotra       5.72        82      13%      ₹41      23d
7     Rajini Tiwari          5.47       190      15%      ₹37      27d
8     Jitendra Mishra        5.40        76       5%      ₹55      16d
9     Priyanka               5.36       240       7%      ₹29      29d
10    Alok                   5.24        82       9%      ₹37      18d
11    Roli Agarwal           5.21       103       7%      ₹35      24d
12    Neha Pandey            5.03        49      22%     ₹117      11d
13    Pankajesh Ji           4.64        41       9%      ₹22      21d
14    Aparajita              3.90        22       6%      ₹38      12d
15    Dadhich Jitendra       3.78        17       0%      ₹44      11d
16    Sarang Bhakre          3.48        15      15%     ₹142       8d
17    Radhika                3.37        29      14%      ₹51       5d
18    Devyansh Pandey        3.37        22       0%      ₹34      10d
19    Govid Pratap Mishra    3.15        32      17%      ₹29       8d
20    Acharya Prem           2.61        12       9%      ₹28       5d
21    Shivaji                2.60        34      38%      ₹45       4d
22    Sheetal Vohra          2.60        38      36%      ₹76       3d
23    Jitendra Sharma        2.39        11      10%      ₹19       5d
24    Dr. Ujjwal Agarwal     2.12        18      13%      ₹52       3d
25    Jyotirvid Asutosh      1.20         1       0%      ₹43       1d
26    Smita Sinha            0.48         0       0%       ₹0       0d
27    Pooja Saxena           0.48         0       0%       ₹0       0d
28    Hardik Jitendrabhai    0.48         1       0%       ₹0       0d
29    Mohit Nigam            0.33         0       0%       ₹0       0d
30    Sheel Gupta            0.33         0       0%       ₹0       0d
=====================================================================================

Total: 30 guides
[11:00:06] Updating rankings in PostgreSQL...
Saved 30 ranking history records
Updated ranking_score for 30 guides in PostgreSQL
=====================================================================================
Rank  Guide                 Score  Consults  Repeat%   Avg OV   Active
=====================================================================================
1     Kalpana Tripathi       6.26       856      12%      ₹51      31d
2     Gaurav Pathak          6.26       385      15%      ₹50      30d
3     Anuradha Pathak        6.20       514      13%      ₹47      31d
4     Anjali Jaiswal         5.95       166      14%      ₹53      21d
5     Abhishek Kumar         5.93       311      12%      ₹48      29d
6     Sandhya Malhotra       5.72        82      13%      ₹41      23d
7     Rajini Tiwari          5.47       190      15%      ₹37      27d
8     Jitendra Mishra        5.40        76       5%      ₹55      16d
9     Priyanka               5.36       240       7%      ₹29      30d
10    Alok                   5.24        82       9%      ₹37      18d
11    Roli Agarwal           5.21       103       7%      ₹35      24d
12    Neha Pandey            5.03        49      22%     ₹117      11d
13    Pankajesh Ji           4.64        41       9%      ₹22      21d
14    Aparajita              3.90        22       6%      ₹38      12d
15    Dadhich Jitendra       3.78        17       0%      ₹44      11d
16    Sarang Bhakre          3.48        15      15%     ₹142       8d
17    Radhika                3.37        29      14%      ₹51       5d
18    Devyansh Pandey        3.37        22       0%      ₹34      10d
19    Govid Pratap Mishra    3.15        32      17%      ₹29       8d
20    Acharya Prem           2.61        12       9%      ₹28       5d
21    Shivaji                2.58        35      36%      ₹45       4d
22    Sheetal Vohra          2.56        40      33%      ₹76       3d
23    Jitendra Sharma        2.39        11      10%      ₹19       5d
24    Dr. Ujjwal Agarwal     2.12        18      13%      ₹52       3d
25    Jyotirvid Asutosh      1.20         1       0%      ₹43       1d
26    Smita Sinha            0.48         0       0%       ₹0       0d
27    Pooja Saxena           0.48         0       0%       ₹0       0d
28    Hardik Jitendrabhai    0.48         1       0%       ₹0       0d
29    Mohit Nigam            0.33         0       0%       ₹0       0d
30    Sheel Gupta            0.33         0       0%       ₹0       0d
=====================================================================================

Total: 30 guides
[12:00:06] Updating rankings in PostgreSQL...
Saved 30 ranking history records
Updated ranking_score for 30 guides in PostgreSQL
=====================================================================================
Rank  Guide                 Score  Consults  Repeat%   Avg OV   Active
=====================================================================================
1     Kalpana Tripathi       6.26       857      12%      ₹51      31d
2     Gaurav Pathak          6.26       386      15%      ₹50      30d
3     Anuradha Pathak        6.20       515      13%      ₹47      31d
4     Anjali Jaiswal         5.95       166      14%      ₹53      21d
5     Abhishek Kumar         5.92       314      12%      ₹48      29d
6     Sandhya Malhotra       5.71        83      13%      ₹41      24d
7     Rajini Tiwari          5.47       190      15%      ₹37      27d
8     Jitendra Mishra        5.40        76       5%      ₹55      16d
9     Priyanka               5.36       241       7%      ₹29      30d
10    Alok                   5.24        82       9%      ₹37      18d
11    Roli Agarwal           5.21       103       7%      ₹35      24d
12    Neha Pandey            5.03        49      22%     ₹117      11d
13    Pankajesh Ji           4.64        41       9%      ₹22      21d
14    Aparajita              3.90        22       6%      ₹38      12d
15    Dadhich Jitendra       3.78        17       0%      ₹44      11d
16    Sarang Bhakre          3.48        15      15%     ₹142       8d
17    Radhika                3.37        29      14%      ₹51       5d
18    Devyansh Pandey        3.37        22       0%      ₹34      10d
19    Govid Pratap Mishra    3.15        32      17%      ₹29       8d
20    Shivaji                2.73        38      41%      ₹49       4d
21    Sheetal Vohra          2.61        42      36%      ₹75       3d
22    Acharya Prem           2.61        12       9%      ₹28       5d
23    Jitendra Sharma        2.39        11      10%      ₹19       5d
24    Dr. Ujjwal Agarwal     2.12        18      13%      ₹52       3d
25    Jyotirvid Asutosh      1.20         1       0%      ₹43       1d
26    Smita Sinha            0.48         0       0%       ₹0       0d
27    Pooja Saxena           0.48         0       0%       ₹0       0d
28    Hardik Jitendrabhai    0.48         1       0%       ₹0       0d
29    Mohit Nigam            0.33         0       0%       ₹0       0d
30    Sheel Gupta            0.33         0       0%       ₹0       0d
=====================================================================================

Total: 30 guides
[13:00:06] Updating rankings in PostgreSQL...
Saved 30 ranking history records
Updated ranking_score for 30 guides in PostgreSQL
=====================================================================================
Rank  Guide                 Score  Consults  Repeat%   Avg OV   Active
=====================================================================================
1     Kalpana Tripathi       6.26       860      12%      ₹51      31d
2     Gaurav Pathak          6.26       390      15%      ₹50      30d
3     Anuradha Pathak        6.20       519      13%      ₹47      31d
4     Anjali Jaiswal         5.95       166      14%      ₹53      21d
5     Abhishek Kumar         5.91       316      12%      ₹47      29d
6     Sandhya Malhotra       5.70        85      13%      ₹40      24d
7     Rajini Tiwari          5.47       190      15%      ₹37      27d
8     Jitendra Mishra        5.40        76       5%      ₹55      16d
9     Priyanka               5.36       241       7%      ₹29      30d
10    Alok                   5.24        82       9%      ₹37      18d
11    Roli Agarwal           5.21       103       7%      ₹35      24d
12    Neha Pandey            5.03        49      22%     ₹117      11d
13    Pankajesh Ji           4.64        41       9%      ₹22      21d
14    Aparajita              3.90        22       6%      ₹38      12d
15    Dadhich Jitendra       3.78        17       0%      ₹44      11d
16    Sarang Bhakre          3.53        15      15%     ₹142       9d
17    Radhika                3.37        29      14%      ₹51       5d
18    Devyansh Pandey        3.37        22       0%      ₹34      10d
19    Govid Pratap Mishra    3.15        32      17%      ₹29       8d
20    Shivaji                2.65        42      39%      ₹45       4d
21    Sheetal Vohra          2.62        47      35%      ₹71       3d
22    Acharya Prem           2.61        12       9%      ₹28       5d
23    Jitendra Sharma        2.39        11      10%      ₹19       5d
24    Dr. Ujjwal Agarwal     2.12        18      13%      ₹52       3d
25    Jyotirvid Asutosh      1.20         1       0%      ₹43       1d
26    Smita Sinha            0.48         0       0%       ₹0       0d
27    Pooja Saxena           0.48         0       0%       ₹0       0d
28    Hardik Jitendrabhai    0.48         1       0%       ₹0       0d
29    Mohit Nigam            0.33         0       0%       ₹0       0d
30    Sheel Gupta            0.33         0       0%       ₹0       0d
=====================================================================================

Total: 30 guides
[14:00:06] Updating rankings in PostgreSQL...
Saved 30 ranking history records
Updated ranking_score for 30 guides in PostgreSQL
=====================================================================================
Rank  Guide                 Score  Consults  Repeat%   Avg OV   Active
=====================================================================================
1     Kalpana Tripathi       6.26       860      12%      ₹51      31d
2     Gaurav Pathak          6.26       390      15%      ₹50      30d
3     Anuradha Pathak        6.20       522      13%      ₹47      31d
4     Anjali Jaiswal         5.95       166      14%      ₹53      21d
5     Abhishek Kumar         5.91       318      12%      ₹47      29d
6     Sandhya Malhotra       5.70        87      12%      ₹40      24d
7     Rajini Tiwari          5.47       190      15%      ₹37      27d
8     Jitendra Mishra        5.40        76       5%      ₹55      16d
9     Priyanka               5.36       241       7%      ₹29      30d
10    Alok                   5.24        85       9%      ₹37      18d
11    Roli Agarwal           5.21       103       7%      ₹35      24d
12    Neha Pandey            5.03        49      22%     ₹117      11d
13    Pankajesh Ji           4.64        41       9%      ₹22      21d
14    Aparajita              3.90        22       6%      ₹38      12d
15    Dadhich Jitendra       3.78        17       0%      ₹44      11d
16    Sarang Bhakre          3.53        15      15%     ₹142       9d
17    Radhika                3.37        29      14%      ₹51       5d
18    Devyansh Pandey        3.37        22       0%      ₹34      10d
19    Govid Pratap Mishra    3.15        32      17%      ₹29       8d
20    Shivaji                2.80        44      43%      ₹58       4d
21    Sheetal Vohra          2.62        47      35%      ₹71       3d
22    Acharya Prem           2.61        12       9%      ₹28       5d
23    Jitendra Sharma        2.39        11      10%      ₹19       5d
24    Dr. Ujjwal Agarwal     2.12        18      13%      ₹52       3d
25    Jyotirvid Asutosh      1.20         1       0%      ₹43       1d
26    Smita Sinha            0.48         0       0%       ₹0       0d
27    Pooja Saxena           0.48         0       0%       ₹0       0d
28    Hardik Jitendrabhai    0.48         1       0%       ₹0       0d
29    Mohit Nigam            0.33         0       0%       ₹0       0d
30    Sheel Gupta            0.33         0       0%       ₹0       0d
=====================================================================================

Total: 30 guides
[15:00:06] Updating rankings in PostgreSQL...
Saved 30 ranking history records
Updated ranking_score for 30 guides in PostgreSQL
=====================================================================================
Rank  Guide                 Score  Consults  Repeat%   Avg OV   Active
=====================================================================================
1     Kalpana Tripathi       6.26       861      12%      ₹51      31d
2     Gaurav Pathak          6.25       391      15%      ₹50      30d
3     Anuradha Pathak        6.20       524      13%      ₹47      31d
4     Anjali Jaiswal         5.95       167      14%      ₹53      21d
5     Abhishek Kumar         5.91       318      12%      ₹47      29d
6     Sandhya Malhotra       5.67        89      12%      ₹40      24d
7     Rajini Tiwari          5.47       190      15%      ₹37      27d
8     Jitendra Mishra        5.40        76       5%      ₹55      16d
9     Priyanka               5.37       242       7%      ₹29      30d
10    Alok                   5.25        86       8%      ₹37      18d
11    Roli Agarwal           5.21       103       7%      ₹35      24d
12    Neha Pandey            5.03        49      22%     ₹117      11d
13    Pankajesh Ji           4.64        41       9%      ₹22      21d
14    Aparajita              3.90        22       6%      ₹38      12d
15    Dadhich Jitendra       3.78        17       0%      ₹44      11d
16    Sarang Bhakre          3.53        15      15%     ₹142       9d
17    Radhika                3.37        29      14%      ₹51       5d
18    Devyansh Pandey        3.37        22       0%      ₹34      10d
19    Govid Pratap Mishra    3.15        32      17%      ₹29       8d
20    Shivaji                2.80        45      43%      ₹59       4d
21    Sheetal Vohra          2.62        47      35%      ₹71       3d
22    Acharya Prem           2.61        12       9%      ₹28       5d
23    Jitendra Sharma        2.39        11      10%      ₹19       5d
24    Dr. Ujjwal Agarwal     2.12        18      13%      ₹52       3d
25    Jyotirvid Asutosh      1.20         1       0%      ₹43       1d
26    Smita Sinha            0.48         0       0%       ₹0       0d
27    Pooja Saxena           0.48         0       0%       ₹0       0d
28    Hardik Jitendrabhai    0.48         1       0%       ₹0       0d
29    Mohit Nigam            0.33         0       0%       ₹0       0d
30    Sheel Gupta            0.33         0       0%       ₹0       0d
=====================================================================================

Total: 30 guides
[16:00:07] Updating rankings in PostgreSQL...
Saved 30 ranking history records
Updated ranking_score for 30 guides in PostgreSQL
=====================================================================================
Rank  Guide                 Score  Consults  Repeat%   Avg OV   Active
=====================================================================================
1     Kalpana Tripathi       6.26       862      12%      ₹51      31d
2     Gaurav Pathak          6.25       394      15%      ₹50      30d
3     Anuradha Pathak        6.20       529      13%      ₹47      31d
4     Anjali Jaiswal         5.95       167      14%      ₹53      21d
5     Abhishek Kumar         5.91       319      12%      ₹48      29d
6     Sandhya Malhotra       5.70        93      13%      ₹39      24d
7     Rajini Tiwari          5.47       190      15%      ₹37      27d
8     Jitendra Mishra        5.40        76       5%      ₹55      16d
9     Priyanka               5.37       243       7%      ₹29      30d
10    Alok                   5.33        90      10%      ₹37      18d
11    Roli Agarwal           5.21       103       7%      ₹35      25d
12    Neha Pandey            5.03        49      22%     ₹117      11d
13    Pankajesh Ji           4.64        41       9%      ₹22      21d
14    Aparajita              3.90        22       6%      ₹38      12d
15    Dadhich Jitendra       3.71        17       0%      ₹44      10d
16    Sarang Bhakre          3.53        15      15%     ₹142       9d
17    Radhika                3.37        29      14%      ₹51       5d
18    Devyansh Pandey        3.37        22       0%      ₹34      10d
19    Govid Pratap Mishra    3.15        32      17%      ₹29       8d
20    Shivaji                2.87        48      46%      ₹59       4d
21    Sheetal Vohra          2.62        47      35%      ₹71       3d
22    Acharya Prem           2.61        12       9%      ₹28       5d
23    Jitendra Sharma        2.39        11      10%      ₹19       5d
24    Dr. Ujjwal Agarwal     2.08        18      13%      ₹52       2d
25    Jyotirvid Asutosh      1.20         1       0%      ₹43       1d
26    Smita Sinha            0.48         0       0%       ₹0       0d
27    Pooja Saxena           0.48         0       0%       ₹0       0d
28    Hardik Jitendrabhai    0.48         1       0%       ₹0       0d
29    Mohit Nigam            0.33         0       0%       ₹0       0d
30    Sheel Gupta            0.33         0       0%       ₹0       0d
=====================================================================================

Total: 30 guides
